Loaded "env" configuration for the "development" profile: no environment variables specified. Learn more: https://docs.expo.dev/build-reference/variables/
Specified value for "ios.bundleIdentifier" in app.json is ignored because an ios directory was detected in the project.
EAS Build will use the value found in the native code.
‚úî Using remote iOS credentials (Expo server)

If you provide your Apple account credentials we will be able to generate all necessary build credentials and fully validate them.
This is optional, but without Apple account access you will need to provide all the missing values manually and we can only run minimal validation on them.
[?25l[2K[1G[36m?[39m [1mDo you want to log in to your Apple account?[22m [90m‚Ä∫[39m [90m(Y/n)[39m[2K[1G[2K[1G[32m‚úî[39m [1mDo you want to log in to your Apple account?[22m [90m‚Ä¶[39m yes
[?25h
‚Ä∫ Log in to your Apple Developer account to continue
[2K[1G[36m?[39m [1mApple ID:[22m [90m‚Ä∫[39m [90msaranshd@electrosource.com[39m78[2K[1G[2K[1G[32m‚úî[39m [1mApple ID:[22m [90m‚Ä¶[39m saranshd@electrosource.com78
[?25h‚Ä∫ Restoring session /Users/electrosource/.app-store/auth/saranshd@electrosource.com/cookie
‚Ä∫ Team Electro Source Inc (PMDSDR2V32)
‚Ä∫ Provider Electro Source Inc (120346472)
‚úî Logged in Local session
‚†ã Linking bundle identifier com.electrosource.Reminder‚†ô Linking bundle identifier com.electrosource.Reminder‚†π Linking bundle identifier com.electrosource.Reminder‚†∏ Linking bundle identifier com.electrosource.Reminder‚†º Linking bundle identifier com.electrosource.Reminder‚†¥ Linking bundle identifier com.electrosource.Reminder‚†¶ Linking bundle identifier com.electrosource.Reminder‚úî Bundle identifier registered com.electrosource.Reminder
‚†ã Syncing capabilities‚†ô Syncing capabilities‚†π Syncing capabilities‚úî Synced capabilities: No updates
‚†ã Syncing capabilities identifiers‚úî Synced capability identifiers: No updates
‚†ã Fetching Apple distribution certificates‚†ô Fetching Apple distribution certificates‚†π Fetching Apple distribution certificates‚†∏ Fetching Apple distribution certificates‚úî Fetched Apple distribution certificates
‚†ã Fetching Apple provisioning profiles‚†ô Fetching Apple provisioning profiles‚†π Fetching Apple provisioning profiles‚†∏ Fetching Apple provisioning profiles‚†º Fetching Apple provisioning profiles‚†¥ Fetching Apple provisioning profiles‚†¶ Fetching Apple provisioning profiles‚†ß Fetching Apple provisioning profiles‚†á Fetching Apple provisioning profiles‚†è Fetching Apple provisioning profiles‚†ã Fetching Apple provisioning profiles‚†ô Fetching Apple provisioning profiles‚†π Fetching Apple provisioning profiles‚†∏ Fetching Apple provisioning profiles‚†º Fetching Apple provisioning profiles‚†¥ Fetching Apple provisioning profiles‚†¶ Fetching Apple provisioning profiles‚†ß Fetching Apple provisioning profiles‚†á Fetching Apple provisioning profiles‚†è Fetching Apple provisioning profiles‚†ã Fetching Apple provisioning profiles‚úî Fetched Apple provisioning profiles

Project Credentials Configuration

Project                   @saranshduggal21/MRE
Bundle Identifier         com.electrosource.Reminder
                          
App Store Configuration   
                          
Distribution Certificate  
Serial Number             68EA5412D2607CE263741FFE4BAB9BA5
Expiration Date           Wed, 14 Aug 2024 15:42:49 EDT
Apple Team                PMDSDR2V32 (Electro Source Inc (Company/Organization))
Updated                   4 hours ago
                          
Provisioning Profile      
Developer Portal ID       MD8KN9D4F5
Status                    active
Expiration                Wed, 14 Aug 2024 15:42:49 EDT
Apple Team                PMDSDR2V32 (Electro Source Inc (Company/Organization))
Updated                   24 minutes ago
                          
All credentials are ready to build @saranshduggal21/MRE (com.electrosource.Reminder)

[?25l[36m?[39m [1mWould you like to set up Push Notifications for your project?[22m [90m‚Ä∫[39m [90m- Use arrow-keys. Return to submit.[39m
[36m‚ùØ[39m   [36m[4mYes[39m[24m[90m[39m
    No[90m[39m
    No, don't ask again (preference will be saved to eas.json)[90m[39m
[2K[1G[36m?[39m [1mWould you like to set up Push Notifications for your project?[22m [90m‚Ä∫[39m [90m- Use arrow-keys. Return to submit.[39m
    Yes[90m[39m
[36m‚ùØ[39m   [36m[4mNo[39m[24m[90m[39m
    No, don't ask again (preference will be saved to eas.json)[90m[39m
[2K[1G[32m‚úî[39m [1mWould you like to set up Push Notifications for your project?[22m [90m‚Ä∫[39m No
[?25h[SETUP_WORKINGDIR] Preparing workingdir /var/folders/xw/_x0jnp3d2wxc3w2d7t3cssv00000gn/T/eas-build-local-nodejs/32ceb5ca-6f7c-4484-b0fa-02c922015281
[START_BUILD] Starting build
  "job": {
    "type": "generic",
    "platform": "ios",
    "projectArchive": {
      "type": "PATH",
      "path": "/var/folders/xw/_x0jnp3d2wxc3w2d7t3cssv00000gn/T/eas-cli-nodejs/c2ab8567-f014-476c-a870-e798c6969e4f.tar.gz"
    },
    "projectRootDirectory": ".",
    "builderEnvironment": {},
    "cache": {
      "disabled": false,
      "paths": [],
      "clear": false
    },
    "updates": {},
    "scheme": "MRE",
    "buildConfiguration": "Debug",
    "username": "saranshduggal21",
    "experimental": {},
    "mode": "build",
    "triggeredBy": "EAS_CLI"
  }
[READ_PACKAGE_JSON] Using package.json:
[READ_PACKAGE_JSON] {
  "name": "mre",
  "version": "1.0.0",
  "scripts": {
    "start": "expo start --dev-client",
    "android": "expo run:android",
    "ios": "expo run:ios",
    "web": "expo start --web"
  },
  "dependencies": {
    "buffer": "6.0.3",
    "expo": "~49.0.0",
    "expo-updates": "~0.18.11",
    "expo-updates-interface": "^0.10.1",
    "@expo/config-plugins": "6.0.1",
    "npm-check-updates": "^16.10.15",
    "react": "18.2.0",
    "react-native": "0.72.3"
  },
  "devDependencies": {
    "@babel/core": "^7.20.0",
    "eslint": "^8.47.0",
    "eslint-plugin-react": "^7.33.1",
    "prop-types": "^15.8.1",
    "react-native-picker": "~4.3.7"
  },
  "private": true
}
[INSTALL_DEPENDENCIES] Running "npm install" in /var/folders/xw/_x0jnp3d2wxc3w2d7t3cssv00000gn/T/eas-build-local-nodejs/32ceb5ca-6f7c-4484-b0fa-02c922015281/build directory
[INSTALL_DEPENDENCIES] npm
[INSTALL_DEPENDENCIES] WARN deprecated @npmcli/move-file@1.1.2: This functionality has been moved to @npmcli/fs
[INSTALL_DEPENDENCIES] npm
[INSTALL_DEPENDENCIES] WARN deprecated
[INSTALL_DEPENDENCIES] uuid@3.4.0: Please upgrade  to version 7 or higher.  Older versions may use Math.random() in certain circumstances, which is known to be problematic.  See https://v8.dev/blog/math-random for details.
[INSTALL_DEPENDENCIES] npm
[INSTALL_DEPENDENCIES] 
[INSTALL_DEPENDENCIES] WARN deprecated uglify-es@3.3.9: support for ECMAScript is superseded by `uglify-js` as of v3.13.0
[INSTALL_DEPENDENCIES] added 1672 packages, and audited 1673 packages in 32s
[INSTALL_DEPENDENCIES] 
[INSTALL_DEPENDENCIES] 177 packages are looking for funding
[INSTALL_DEPENDENCIES]   run `npm fund` for details
[INSTALL_DEPENDENCIES] 7 moderate severity vulnerabilities
[INSTALL_DEPENDENCIES] 
[INSTALL_DEPENDENCIES] To address all issues (including breaking changes), run:
[INSTALL_DEPENDENCIES]   npm audit fix --force
[INSTALL_DEPENDENCIES] 
[INSTALL_DEPENDENCIES] Run `npm audit` for details.
[READ_APP_CONFIG] Using app configuration:
[READ_APP_CONFIG] {
  "name": "MRE",
  "slug": "MRE",
  "version": "1.0.0",
  "orientation": "portrait",
  "icon": "./assets/icon.png",
  "userInterfaceStyle": "light",
  "splash": {
    "image": "./assets/splash.png",
    "resizeMode": "contain",
    "backgroundColor": "#ffffff"
  },
  "assetBundlePatterns": [
    "**/*"
  ],
  "ios": {
    "supportsTablet": true,
    "bundleIdentifier": "com.electrosource.Reminder"
  },
  "android": {
    "adaptiveIcon": {
      "foregroundImage": "./assets/adaptive-icon.png",
      "backgroundColor": "#ffffff"
    }
  },
  "web": {
    "favicon": "./assets/favicon.png"
  },
  "extra": {
    "eas": {
      "projectId": "14b61ee4-14db-46c3-a065-459e87bb7ec0"
    }
  },
  "sdkVersion": "49.0.0",
  "platforms": [
    "ios",
    "android"
  ]
}
[RUN_EXPO_DOCTOR] Running "expo doctor"
[RUN_EXPO_DOCTOR] Running 10 checks on your project...
[RUN_EXPO_DOCTOR] ‚úî Check Expo config for common issues
[RUN_EXPO_DOCTOR] ‚úî Check package.json for common issues
[RUN_EXPO_DOCTOR] ‚úî Check dependencies for packages that should not be installed directly
[RUN_EXPO_DOCTOR] ‚úî Check for common project setup issues
[RUN_EXPO_DOCTOR] ‚úî Check npm/ yarn versions
[RUN_EXPO_DOCTOR] ‚úî Check Expo config (app.json/ app.config.js) schema
[RUN_EXPO_DOCTOR] ‚úñ Check that packages match versions required by installed Expo SDK
[RUN_EXPO_DOCTOR] ‚úî Check that native modules do not use incompatible support packages
[RUN_EXPO_DOCTOR] ‚úî Check for legacy global CLI installed locally
[RUN_EXPO_DOCTOR] "expo doctor" timed out, skipping...
[PREPARE_CREDENTIALS] Preparing credentials
[PREPARE_CREDENTIALS] Creating keychain
[PREPARE_CREDENTIALS] Preparing credentials for target 'MRE'
[PREPARE_CREDENTIALS] Getting distribution certificate fingerprint and common name
[PREPARE_CREDENTIALS] Fingerprint = "6604DEA7B22D40EF47FF4FE8BF7EFBDA11225BAB", common name = iPhone Distribution: Electro Source Inc (PMDSDR2V32)
[PREPARE_CREDENTIALS] Writing distribution certificate to /var/folders/xw/_x0jnp3d2wxc3w2d7t3cssv00000gn/T/1394f231-239d-4677-80ed-d0ba0ab76548.p12
[PREPARE_CREDENTIALS] Importing distribution certificate into the keychain
[PREPARE_CREDENTIALS] Initializing provisioning profile
[PREPARE_CREDENTIALS] Validating whether distribution certificate has been imported successfully
[PREPARE_CREDENTIALS] Verifying whether the distribution certificate and provisioning profile match
[PREBUILD] Skipped running "expo prebuild" because the "ios" directory already exists. Learn more about the build process: https://docs.expo.dev/build-reference/ios-builds/
[INSTALL_PODS] Using Expo modules
[INSTALL_PODS] [Expo] Enabling modular headers for pod ExpoModulesCore
[INSTALL_PODS] [Expo] Enabling modular headers for pod React-Core
[INSTALL_PODS] [Expo] Enabling modular headers for pod EXStructuredHeaders
[INSTALL_PODS] [Expo] Enabling modular headers for pod EXUpdatesInterface
[INSTALL_PODS] [Expo] Enabling modular headers for pod EXManifests
[INSTALL_PODS] [Expo] Enabling modular headers for pod EASClient
[INSTALL_PODS] [Expo] Enabling modular headers for pod ReachabilitySwift
[INSTALL_PODS] [Expo] Enabling modular headers for pod ASN1Decoder
[INSTALL_PODS] [Expo] Enabling modular headers for pod RCT-Folly
[INSTALL_PODS] Auto-generating `.xcode.env.local` with $NODE_BINARY=/usr/local/bin/node
[INSTALL_PODS] Auto-linking React Native module for target `MRE`: Picker
[INSTALL_PODS] Framework build type is static library
[INSTALL_PODS] [Codegen] Generating ./build/generated/ios/React-Codegen.podspec.json
[INSTALL_PODS] Analyzing dependencies
[INSTALL_PODS] Fetching podspec for `DoubleConversion` from `../node_modules/react-native/third-party-podspecs/DoubleConversion.podspec`
[INSTALL_PODS] [Codegen] Found FBReactNativeSpec
[INSTALL_PODS] Fetching podspec for `RCT-Folly` from `../node_modules/react-native/third-party-podspecs/RCT-Folly.podspec`
[INSTALL_PODS] [Codegen] Found rncore
[INSTALL_PODS] Fetching podspec for `boost` from `../node_modules/react-native/third-party-podspecs/boost.podspec`
[INSTALL_PODS] Fetching podspec for `glog` from `../node_modules/react-native/third-party-podspecs/glog.podspec`
[INSTALL_PODS] Downloading dependencies
[INSTALL_PODS] Installing ASN1Decoder (1.8.0)
[INSTALL_PODS] Installing DoubleConversion (1.1.6)
[INSTALL_PODS] Installing EASClient (0.6.0)
[INSTALL_PODS] Installing EXApplication (5.3.0)
[INSTALL_PODS] Installing EXFileSystem (15.4.3)
[INSTALL_PODS] Installing EXJSONUtils (0.7.1)
[INSTALL_PODS] Installing EXManifests (0.7.1)
[INSTALL_PODS] Installing EXStructuredHeaders (3.3.0)
[INSTALL_PODS] Installing EXUpdates (0.18.11)
[INSTALL_PODS] Installing EXUpdatesInterface (0.10.1)
[INSTALL_PODS] Installing Expo (49.0.7)
[INSTALL_PODS] Installing ExpoKeepAwake (12.3.0)
[INSTALL_PODS] Installing ExpoModulesCore (1.5.9)
[INSTALL_PODS] Installing FBLazyVector (0.72.3)
[INSTALL_PODS] Installing FBReactNativeSpec (0.72.3)
[INSTALL_PODS] Installing Picker (4.3.7)
[INSTALL_PODS] Installing RCT-Folly (2021.07.22.00)
[INSTALL_PODS] Installing RCTRequired (0.72.3)
[INSTALL_PODS] Installing RCTTypeSafety (0.72.3)
[INSTALL_PODS] Installing ReachabilitySwift (5.0.0)
[INSTALL_PODS] Installing React (0.72.3)
[INSTALL_PODS] Installing React-Codegen (0.72.3)
[INSTALL_PODS] Installing React-Core (0.72.3)
[INSTALL_PODS] Installing React-CoreModules (0.72.3)
[INSTALL_PODS] Installing React-NativeModulesApple (0.72.3)
[INSTALL_PODS] Installing React-RCTActionSheet (0.72.3)
[INSTALL_PODS] Installing React-RCTAnimation (0.72.3)
[INSTALL_PODS] Installing React-RCTAppDelegate (0.72.3)
[INSTALL_PODS] Installing React-RCTBlob (0.72.3)
[INSTALL_PODS] Installing React-RCTImage (0.72.3)
[INSTALL_PODS] Installing React-RCTLinking (0.72.3)
[INSTALL_PODS] Installing React-RCTNetwork (0.72.3)
[INSTALL_PODS] Installing React-RCTSettings (0.72.3)
[INSTALL_PODS] Installing React-RCTText (0.72.3)
[INSTALL_PODS] Installing React-RCTVibration (0.72.3)
[INSTALL_PODS] Installing React-callinvoker (0.72.3)
[INSTALL_PODS] Installing React-cxxreact (0.72.3)
[INSTALL_PODS] Installing React-debug (0.72.3)
[INSTALL_PODS] Installing React-jsc (0.72.3)
[INSTALL_PODS] Installing React-jsi (0.72.3)
[INSTALL_PODS] Installing React-jsiexecutor (0.72.3)
[INSTALL_PODS] Installing React-jsinspector (0.72.3)
[INSTALL_PODS] Installing React-logger (0.72.3)
[INSTALL_PODS] Installing React-perflogger (0.72.3)
[INSTALL_PODS] Installing React-rncore (0.72.3)
[INSTALL_PODS] Installing React-runtimeexecutor (0.72.3)
[INSTALL_PODS] Installing React-runtimescheduler (0.72.3)
[INSTALL_PODS] Installing React-utils (0.72.3)
[INSTALL_PODS] Installing ReactCommon (0.72.3)
[INSTALL_PODS] Installing SocketRocket (0.6.1)
[INSTALL_PODS] Installing Yoga (1.14.0)
[INSTALL_PODS] Installing boost (1.76.0)
[INSTALL_PODS] Installing fmt (6.2.1)
[INSTALL_PODS] Installing glog (0.3.5)
[INSTALL_PODS] Generating Pods project
[INSTALL_PODS] Setting REACT_NATIVE build settings
[INSTALL_PODS] Setting CLANG_CXX_LANGUAGE_STANDARD to c++17 on /private/var/folders/xw/_x0jnp3d2wxc3w2d7t3cssv00000gn/T/eas-build-local-nodejs/32ceb5ca-6f7c-4484-b0fa-02c922015281/build/ios/MRE.xcodeproj
[INSTALL_PODS] Pod install took 26 [s] to run
[INSTALL_PODS] Integrating client project
[INSTALL_PODS] Patching imports for file: /private/var/folders/xw/_x0jnp3d2wxc3w2d7t3cssv00000gn/T/eas-build-local-nodejs/32ceb5ca-6f7c-4484-b0fa-02c922015281/build/node_modules/react-native-picker/ios/RCTBEEPickerManager/RCTBEEPickerManager.h
[INSTALL_PODS] expo_patch_react_imports! took 0.2671 seconds to transform files.
[INSTALL_PODS] Pod installation complete! There are 51 dependencies from the Podfile and 54 total pods installed.
[CONFIGURE_XCODE_PROJECT] Configuring Xcode project
[CONFIGURE_XCODE_PROJECT] Assigning provisioning profile 'finalMREProvisionProfile' (Apple Team ID: PMDSDR2V32) to target 'MRE'
[CONFIGURE_EXPO_UPDATES] Using default release channel for 'expo-updates' (default)
[RUN_FASTLANE] Gymfile already exists
[RUN_FASTLANE] Successfully loaded '/private/var/folders/xw/_x0jnp3d2wxc3w2d7t3cssv00000gn/T/eas-build-local-nodejs/32ceb5ca-6f7c-4484-b0fa-02c922015281/build/ios/Gymfile' üìÑ
[RUN_FASTLANE] 
[RUN_FASTLANE] +-----------------------+----------+
[RUN_FASTLANE] | Detected Values from './Gymfile' |
[RUN_FASTLANE] +-----------------------+----------+
[RUN_FASTLANE] | suppress_xcode_output | false    |
[RUN_FASTLANE] | clean                 | true     |
[RUN_FASTLANE] | disable_xcpretty      | false    |
[RUN_FASTLANE] +-----------------------+----------+
[RUN_FASTLANE] Resolving Swift Package Manager dependencies...
[RUN_FASTLANE] $ xcodebuild -resolvePackageDependencies -workspace ./MRE.xcworkspace -scheme MRE
[RUN_FASTLANE] ‚ñ∏ Command line invocation:
[RUN_FASTLANE] ‚ñ∏     /Applications/Xcode.app/Contents/Developer/usr/bin/xcodebuild -resolvePackageDependencies -workspace ./MRE.xcworkspace -scheme MRE
[RUN_FASTLANE] ‚ñ∏ User defaults from command line:
[RUN_FASTLANE] ‚ñ∏     IDEPackageSupportUseBuiltinSCM = YES
[RUN_FASTLANE] ‚ñ∏ --- xcodebuild: WARNING: Using the first of multiple matching destinations:
[RUN_FASTLANE] ‚ñ∏ { platform:iOS, id:dvtdevice-DVTiPhonePlaceholder-iphoneos:placeholder, name:Any iOS Device }
[RUN_FASTLANE] ‚ñ∏ { platform:iOS Simulator, id:dvtdevice-DVTiOSDeviceSimulatorPlaceholder-iphonesimulator:placeholder, name:Any iOS Simulator Device }
[RUN_FASTLANE] ‚ñ∏ { platform:iOS Simulator, id:0133EB81-D1C2-4D15-AE3E-EA7547E11DF7, OS:16.2, name:iPad (10th generation) }
[RUN_FASTLANE] ‚ñ∏ { platform:iOS Simulator, id:0405A12C-6EBF-4692-98A2-A5A76FB41584, OS:16.2, name:iPad Air (5th generation) }
[RUN_FASTLANE] ‚ñ∏ { platform:iOS Simulator, id:8E5B875C-9DCB-442E-8735-4B62103F750E, OS:16.2, name:iPad Pro (11-inch) (4th generation) }
[RUN_FASTLANE] ‚ñ∏ { platform:iOS Simulator, id:CC033FEF-2B7C-4873-AD4D-897E00EC2C54, OS:16.2, name:iPad Pro (12.9-inch) (6th generation) }
[RUN_FASTLANE] ‚ñ∏ { platform:iOS Simulator, id:0B47F1AD-9476-47AB-AAA0-C0C3AA03D2FC, OS:16.2, name:iPad mini (6th generation) }
[RUN_FASTLANE] ‚ñ∏ { platform:iOS Simulator, id:7720B13F-3405-4861-ABB3-C70B8FC09FD2, OS:16.2, name:iPhone 14 }
[RUN_FASTLANE] ‚ñ∏ { platform:iOS Simulator, id:B8BB3D5B-F172-45FA-97A6-1D8538398402, OS:16.2, name:iPhone 14 Plus }
[RUN_FASTLANE] ‚ñ∏ { platform:iOS Simulator, id:5026C201-2C50-48B0-815C-C6E2D3F68409, OS:16.2, name:iPhone 14 Pro }
[RUN_FASTLANE] ‚ñ∏ { platform:iOS Simulator, id:B0D708A5-4424-4913-9E38-E893EE4B58B5, OS:16.2, name:iPhone 14 Pro Max }
[RUN_FASTLANE] ‚ñ∏ { platform:iOS Simulator, id:E3F6EC2F-EAC5-4D05-A6E9-39F73974CE55, OS:16.2, name:iPhone SE (3rd generation) }
[RUN_FASTLANE] ‚ñ∏ resolved source packages:
[RUN_FASTLANE] $ xcodebuild -showBuildSettings -workspace ./MRE.xcworkspace -scheme MRE
[RUN_FASTLANE] Command timed out after 3 seconds on try 1 of 4, trying again with a 6 second timeout...
[RUN_FASTLANE] --- xcodebuild: WARNING: Using the first of multiple matching destinations:
[RUN_FASTLANE] { platform:iOS, id:dvtdevice-DVTiPhonePlaceholder-iphoneos:placeholder, name:Any iOS Device }
[RUN_FASTLANE] { platform:iOS Simulator, id:dvtdevice-DVTiOSDeviceSimulatorPlaceholder-iphonesimulator:placeholder, name:Any iOS Simulator Device }
[RUN_FASTLANE] { platform:iOS Simulator, id:0133EB81-D1C2-4D15-AE3E-EA7547E11DF7, OS:16.2, name:iPad (10th generation) }
[RUN_FASTLANE] { platform:iOS Simulator, id:0405A12C-6EBF-4692-98A2-A5A76FB41584, OS:16.2, name:iPad Air (5th generation) }
[RUN_FASTLANE] { platform:iOS Simulator, id:8E5B875C-9DCB-442E-8735-4B62103F750E, OS:16.2, name:iPad Pro (11-inch) (4th generation) }
[RUN_FASTLANE] { platform:iOS Simulator, id:CC033FEF-2B7C-4873-AD4D-897E00EC2C54, OS:16.2, name:iPad Pro (12.9-inch) (6th generation) }
[RUN_FASTLANE] { platform:iOS Simulator, id:0B47F1AD-9476-47AB-AAA0-C0C3AA03D2FC, OS:16.2, name:iPad mini (6th generation) }
[RUN_FASTLANE] { platform:iOS Simulator, id:7720B13F-3405-4861-ABB3-C70B8FC09FD2, OS:16.2, name:iPhone 14 }
[RUN_FASTLANE] { platform:iOS Simulator, id:B8BB3D5B-F172-45FA-97A6-1D8538398402, OS:16.2, name:iPhone 14 Plus }
[RUN_FASTLANE] { platform:iOS Simulator, id:5026C201-2C50-48B0-815C-C6E2D3F68409, OS:16.2, name:iPhone 14 Pro }
[RUN_FASTLANE] { platform:iOS Simulator, id:B0D708A5-4424-4913-9E38-E893EE4B58B5, OS:16.2, name:iPhone 14 Pro Max }
[RUN_FASTLANE] { platform:iOS Simulator, id:E3F6EC2F-EAC5-4D05-A6E9-39F73974CE55, OS:16.2, name:iPhone SE (3rd generation) }
[RUN_FASTLANE] 2023-08-15 20:08:05.355 xcodebuild[116:1048281] Requested but did not find extension point with identifier Xcode.InterfaceBuilderBuildSupport.PlatformDefinition
[RUN_FASTLANE] --- xcodebuild: WARNING: Using the first of multiple matching destinations:
[RUN_FASTLANE] { platform:iOS, id:dvtdevice-DVTiPhonePlaceholder-iphoneos:placeholder, name:Any iOS Device }
[RUN_FASTLANE] { platform:iOS Simulator, id:dvtdevice-DVTiOSDeviceSimulatorPlaceholder-iphonesimulator:placeholder, name:Any iOS Simulator Device }
[RUN_FASTLANE] { platform:iOS Simulator, id:0133EB81-D1C2-4D15-AE3E-EA7547E11DF7, OS:16.2, name:iPad (10th generation) }
[RUN_FASTLANE] { platform:iOS Simulator, id:0405A12C-6EBF-4692-98A2-A5A76FB41584, OS:16.2, name:iPad Air (5th generation) }
[RUN_FASTLANE] { platform:iOS Simulator, id:8E5B875C-9DCB-442E-8735-4B62103F750E, OS:16.2, name:iPad Pro (11-inch) (4th generation) }
[RUN_FASTLANE] { platform:iOS Simulator, id:CC033FEF-2B7C-4873-AD4D-897E00EC2C54, OS:16.2, name:iPad Pro (12.9-inch) (6th generation) }
[RUN_FASTLANE] { platform:iOS Simulator, id:0B47F1AD-9476-47AB-AAA0-C0C3AA03D2FC, OS:16.2, name:iPad mini (6th generation) }
[RUN_FASTLANE] { platform:iOS Simulator, id:7720B13F-3405-4861-ABB3-C70B8FC09FD2, OS:16.2, name:iPhone 14 }
[RUN_FASTLANE] { platform:iOS Simulator, id:B8BB3D5B-F172-45FA-97A6-1D8538398402, OS:16.2, name:iPhone 14 Plus }
[RUN_FASTLANE] { platform:iOS Simulator, id:5026C201-2C50-48B0-815C-C6E2D3F68409, OS:16.2, name:iPhone 14 Pro }
[RUN_FASTLANE] { platform:iOS Simulator, id:B0D708A5-4424-4913-9E38-E893EE4B58B5, OS:16.2, name:iPhone 14 Pro Max }
[RUN_FASTLANE] { platform:iOS Simulator, id:E3F6EC2F-EAC5-4D05-A6E9-39F73974CE55, OS:16.2, name:iPhone SE (3rd generation) }
[RUN_FASTLANE] 2023-08-15 20:08:08.631 xcodebuild[123:1048375] Requested but did not find extension point with identifier Xcode.InterfaceBuilderBuildSupport.PlatformDefinition
[RUN_FASTLANE] 
[RUN_FASTLANE] +--------------------------------------+--------------------------------------+
[RUN_FASTLANE] |                           Summary for gym 2.214.0                           |
[RUN_FASTLANE] +--------------------------------------+--------------------------------------+
[RUN_FASTLANE] | workspace                            | ./MRE.xcworkspace                    |
[RUN_FASTLANE] | scheme                               | MRE                                  |
[RUN_FASTLANE] | clean                                | true                                 |
[RUN_FASTLANE] | output_directory                     | .                                    |
[RUN_FASTLANE] | output_name                          | MRE                                  |
[RUN_FASTLANE] | silent                               | false                                |
[RUN_FASTLANE] | skip_package_ipa                     | false                                |
[RUN_FASTLANE] | skip_package_pkg                     | false                                |
[RUN_FASTLANE] | build_path                           | /Users/electrosource/Library/Develo  |
[RUN_FASTLANE] |                                      | per/Xcode/Archives/2023-08-15        |
[RUN_FASTLANE] | result_bundle                        | false                                |
[RUN_FASTLANE] | buildlog_path                        | ~/Library/Logs/gym                   |
[RUN_FASTLANE] | destination                          | generic/platform=iOS                 |
[RUN_FASTLANE] | suppress_xcode_output                | false                                |
[RUN_FASTLANE] | xcodebuild_formatter                 | xcpretty                             |
[RUN_FASTLANE] | build_timing_summary                 | false                                |
[RUN_FASTLANE] | disable_xcpretty                     | false                                |
[RUN_FASTLANE] | skip_profile_detection               | false                                |
[RUN_FASTLANE] | xcodebuild_command                   | xcodebuild                           |
[RUN_FASTLANE] | skip_package_dependencies_resolutio  | false                                |
[RUN_FASTLANE] | n                                    |                                      |
[RUN_FASTLANE] | disable_package_automatic_updates    | false                                |
[RUN_FASTLANE] | use_system_scm                       | false                                |
[RUN_FASTLANE] | xcode_path                           | /Applications/Xcode.app              |
[RUN_FASTLANE] +--------------------------------------+--------------------------------------+
[RUN_FASTLANE] $ set -o pipefail && xcodebuild -workspace ./MRE.xcworkspace -scheme MRE -destination 'generic/platform=iOS' -archivePath /Users/electrosource/Library/Developer/Xcode/Archives/2023-08-15/MRE\ 2023-08-15\ 20.08.08.xcarchive clean archive | tee /Users/electrosource/Library/Logs/gym/MRE-MRE.log | xcpretty  --no-color
[RUN_FASTLANE] ‚ñ∏ Clean Succeeded
[RUN_FASTLANE] ‚ñ∏     Run script build phase '[CP-User] Generate app.manifest for expo-updates' will be run during every build because it does not specify any outputs. To address this warning, either add output dependencies to the script phase, or configure it to run in every build by unchecking "Based on dependency analysis" in the script phase. (in target 'EXUpdates' from project 'Pods')
[RUN_FASTLANE] ‚ñ∏     Run script build phase 'Start Packager' will be run during every build because it does not specify any outputs. To address this warning, either add output dependencies to the script phase, or configure it to run in every build by unchecking "Based on dependency analysis" in the script phase. (in target 'MRE' from project 'MRE')
[RUN_FASTLANE] ‚ñ∏     Run script build phase 'Bundle React Native code and images' will be run during every build because it does not specify any outputs. To address this warning, either add output dependencies to the script phase, or configure it to run in every build by unchecking "Based on dependency analysis" in the script phase. (in target 'MRE' from project 'MRE')
[RUN_FASTLANE] ‚ñ∏ ** ARCHIVE FAILED **
[RUN_FASTLANE] ‚ñ∏ Clean Succeeded
[RUN_FASTLANE]     Run script build phase '[CP-User] Generate app.manifest for expo-updates' will be run during every build because it does not specify any outputs. To address this warning, either add output dependencies to the script phase, or configure it to run in every build by unchecking "Based on dependency analysis" in the script phase. (in target 'EXUpdates' from project 'Pods')
[RUN_FASTLANE]     Run script build phase 'Start Packager' will be run during every build because it does not specify any outputs. To address this warning, either add output dependencies to the script phase, or configure it to run in every build by unchecking "Based on dependency analysis" in the script phase. (in target 'MRE' from project 'MRE')
[RUN_FASTLANE]     Run script build phase 'Bundle React Native code and images' will be run during every build because it does not specify any outputs. To address this warning, either add output dependencies to the script phase, or configure it to run in every build by unchecking "Based on dependency analysis" in the script phase. (in target 'MRE' from project 'MRE')
[RUN_FASTLANE] ** ARCHIVE FAILED **
[RUN_FASTLANE] Exit status: 65
[RUN_FASTLANE] +-------------+-------------------------+
[RUN_FASTLANE] |           Build environment           |
[RUN_FASTLANE] +-------------+-------------------------+
[RUN_FASTLANE] | xcode_path  | /Applications/Xcode.app |
[RUN_FASTLANE] | gym_version | 2.214.0                 |
[RUN_FASTLANE] | sdk         | iPhoneOS16.2.sdk        |
[RUN_FASTLANE] +-------------+-------------------------+
[RUN_FASTLANE] ‚ñ∏ warning: Run script build phase '[CP-User] Generate app.manifest for expo-updates' will be run during every build because it does not specify any outputs. To address this warning, either add output dependencies to the script phase, or configure it to run in every build by unchecking "Based on dependency analysis" in the script phase. (in target 'EXUpdates' from project 'Pods')
[RUN_FASTLANE] ‚ñ∏ /var/folders/xw/_x0jnp3d2wxc3w2d7t3cssv00000gn/T/eas-build-local-nodejs/32ceb5ca-6f7c-4484-b0fa-02c922015281/build/ios/MRE.xcodeproj: error: Provisioning profile "finalMREProvisionProfile" doesn't include signing certificate "Apple Distribution: Electro Source Inc (PMDSDR2V32)". (in target 'MRE' from project 'MRE')
[RUN_FASTLANE] ‚ñ∏ warning: Run script build phase 'Start Packager' will be run during every build because it does not specify any outputs. To address this warning, either add output dependencies to the script phase, or configure it to run in every build by unchecking "Based on dependency analysis" in the script phase. (in target 'MRE' from project 'MRE')
[RUN_FASTLANE] ‚ñ∏ note: Run script build phase '[Expo] Configure project' will be run during every build because the option to run the script phase "Based on dependency analysis" is unchecked. (in target 'MRE' from project 'MRE')
[RUN_FASTLANE] ‚ñ∏ warning: Run script build phase 'Bundle React Native code and images' will be run during every build because it does not specify any outputs. To address this warning, either add output dependencies to the script phase, or configure it to run in every build by unchecking "Based on dependency analysis" in the script phase. (in target 'MRE' from project 'MRE')
[RUN_FASTLANE] 
[RUN_FASTLANE] ‚¨ÜÔ∏è  Check out the few lines of raw `xcodebuild` output above for potential hints on how to solve this error
[RUN_FASTLANE] üìã  For the complete and more detailed error log, check the full log at:
[RUN_FASTLANE] üìã  /Users/electrosource/Library/Logs/gym/MRE-MRE.log
[RUN_FASTLANE] Looks like fastlane ran into a build/archive error with your project
[RUN_FASTLANE] It's hard to tell what's causing the error, so we wrote some guides on how
[RUN_FASTLANE] to troubleshoot build and signing issues: https://docs.fastlane.tools/codesigning/getting-started/
[RUN_FASTLANE] Before submitting an issue on GitHub, please follow the guide above and make
[RUN_FASTLANE] sure your project is set up correctly.
[RUN_FASTLANE] fastlane uses `xcodebuild` commands to generate your binary, you can see the
[RUN_FASTLANE] the full commands printed out in yellow in the above log.
[RUN_FASTLANE] Make sure to inspect the output above, as usually you'll find more error information there
[RUN_FASTLANE] 
[RUN_FASTLANE] [!] Error building the application - see the log above
[RUN_FASTLANE] Error: The "Run fastlane" step failed with an unknown error. Refer to "Xcode Logs" below for additional, more detailed logs.
[CLEAN_UP_CREDENTIALS] Destroying keychain - /var/folders/xw/_x0jnp3d2wxc3w2d7t3cssv00000gn/T/turtle-v2-b9dda1dc-0d04-43dd-9cab-4f274c9fc402.keychain
[CLEAN_UP_CREDENTIALS] Removing provisioning profile

Build failed
The "Run fastlane" step failed with an unknown error. Refer to "Xcode Logs" below for additional, more detailed logs.
npx exited with non-zero code: 1
    Error: build command failed.
